Performing Curl Test HAVE_FSETXATTR_5 failed with the following output:
Change Dir: '/Users/timur/vscode/ОП_2СЕМ/rest/cmake-build-debug/CMakeFiles/CMakeTmp'

Run Build Command(s): /Users/timur/Applications/CLion.app/Contents/bin/ninja/mac/x64/ninja -v cmTC_22f52
[1/2] /Library/Developer/CommandLineTools/usr/bin/cc   -Wextra -Wall -pedantic -Wbad-function-cast -Wconversion -Winline -Wmissing-declarations -Wmissing-prototypes -Wnested-externs -Wno-long-long -Wno-multichar -Wpointer-arith -Wshadow -Wsign-compare -Wundef -Wunused -Wwrite-strings -Wcast-align -Wdeclaration-after-statement -Wempty-body -Wendif-labels -Wfloat-equal -Wignored-qualifiers -Wno-format-nonliteral -Wno-sign-conversion -Wno-system-headers -Wstrict-prototypes -Wtype-limits -Wvla -Wshift-sign-overflow -Wshorten-64-to-32 -Wdouble-promotion -Wenum-conversion -Wunused-const-variable -Wcomma -Wmissing-variable-declarations -Wassign-enum -Wextra-semi-stmt -DHAVE_FSETXATTR_5  -DHAVE_INTTYPES_H -DHAVE_SYS_FILIO_H -DHAVE_SYS_WAIT_H -DHAVE_SYS_IOCTL_H -DHAVE_SYS_PARAM_H -DHAVE_SYS_POLL_H -DHAVE_SYS_RESOURCE_H -DHAVE_SYS_SELECT_H -DHAVE_SYS_SOCKET_H -DHAVE_SYS_SOCKIO_H -DHAVE_SYS_STAT_H -DHAVE_SYS_TIME_H -DHAVE_SYS_TYPES_H -DHAVE_SYS_UN_H -DHAVE_SYS_XATTR_H -DHAVE_ARPA_INET_H -DHAVE_FCNTL_H -DHAVE_IFADDRS_H -DHAVE_LIBGEN_H -DHAVE_LOCALE_H -DHAVE_NET_IF_H -DHAVE_NETDB_H -DHAVE_NETINET_IN_H -DHAVE_NETINET_TCP_H -DHAVE_NETINET_UDP_H -DHAVE_POLL_H -DHAVE_PWD_H -DHAVE_STDATOMIC_H -DHAVE_STDBOOL_H -DHAVE_STDINT_H -DHAVE_STRINGS_H -DHAVE_TERMIOS_H -DHAVE_UNISTD_H -DHAVE_UTIME_H -isysroot /Library/Developer/CommandLineTools/SDKs/MacOSX13.1.sdk -mmacosx-version-min=12.6 -fcolor-diagnostics -MD -MT CMakeFiles/cmTC_22f52.dir/CurlTests.c.o -MF CMakeFiles/cmTC_22f52.dir/CurlTests.c.o.d -o CMakeFiles/cmTC_22f52.dir/CurlTests.c.o -c '/Users/timur/vscode/ОП_2СЕМ/rest/cmake-build-debug/_deps/curl-src/CMake/CurlTests.c'
FAILED: CMakeFiles/cmTC_22f52.dir/CurlTests.c.o 
/Library/Developer/CommandLineTools/usr/bin/cc   -Wextra -Wall -pedantic -Wbad-function-cast -Wconversion -Winline -Wmissing-declarations -Wmissing-prototypes -Wnested-externs -Wno-long-long -Wno-multichar -Wpointer-arith -Wshadow -Wsign-compare -Wundef -Wunused -Wwrite-strings -Wcast-align -Wdeclaration-after-statement -Wempty-body -Wendif-labels -Wfloat-equal -Wignored-qualifiers -Wno-format-nonliteral -Wno-sign-conversion -Wno-system-headers -Wstrict-prototypes -Wtype-limits -Wvla -Wshift-sign-overflow -Wshorten-64-to-32 -Wdouble-promotion -Wenum-conversion -Wunused-const-variable -Wcomma -Wmissing-variable-declarations -Wassign-enum -Wextra-semi-stmt -DHAVE_FSETXATTR_5  -DHAVE_INTTYPES_H -DHAVE_SYS_FILIO_H -DHAVE_SYS_WAIT_H -DHAVE_SYS_IOCTL_H -DHAVE_SYS_PARAM_H -DHAVE_SYS_POLL_H -DHAVE_SYS_RESOURCE_H -DHAVE_SYS_SELECT_H -DHAVE_SYS_SOCKET_H -DHAVE_SYS_SOCKIO_H -DHAVE_SYS_STAT_H -DHAVE_SYS_TIME_H -DHAVE_SYS_TYPES_H -DHAVE_SYS_UN_H -DHAVE_SYS_XATTR_H -DHAVE_ARPA_INET_H -DHAVE_FCNTL_H -DHAVE_IFADDRS_H -DHAVE_LIBGEN_H -DHAVE_LOCALE_H -DHAVE_NET_IF_H -DHAVE_NETDB_H -DHAVE_NETINET_IN_H -DHAVE_NETINET_TCP_H -DHAVE_NETINET_UDP_H -DHAVE_POLL_H -DHAVE_PWD_H -DHAVE_STDATOMIC_H -DHAVE_STDBOOL_H -DHAVE_STDINT_H -DHAVE_STRINGS_H -DHAVE_TERMIOS_H -DHAVE_UNISTD_H -DHAVE_UTIME_H -isysroot /Library/Developer/CommandLineTools/SDKs/MacOSX13.1.sdk -mmacosx-version-min=12.6 -fcolor-diagnostics -MD -MT CMakeFiles/cmTC_22f52.dir/CurlTests.c.o -MF CMakeFiles/cmTC_22f52.dir/CurlTests.c.o.d -o CMakeFiles/cmTC_22f52.dir/CurlTests.c.o -c '/Users/timur/vscode/ОП_2СЕМ/rest/cmake-build-debug/_deps/curl-src/CMake/CurlTests.c'
/Users/timur/vscode/ОП_2СЕМ/rest/cmake-build-debug/_deps/curl-src/CMake/CurlTests.c:414:26: error: too few arguments to function call, expected 6, have 5
  fsetxattr(0, 0, 0, 0, 0);
  ~~~~~~~~~              ^
/Library/Developer/CommandLineTools/SDKs/MacOSX13.1.sdk/usr/include/sys/xattr.h:67:5: note: 'fsetxattr' declared here
int fsetxattr(int fd, const char *name, const void *value, size_t size, u_int32_t position, int options);
    ^
1 error generated.
ninja: build stopped: subcommand failed.


Performing Curl Test HAVE_IOCTLSOCKET failed with the following output:
Change Dir: '/Users/timur/vscode/ОП_2СЕМ/rest/cmake-build-debug/CMakeFiles/CMakeTmp'

Run Build Command(s): /Users/timur/Applications/CLion.app/Contents/bin/ninja/mac/x64/ninja -v cmTC_1a44b
[1/2] /Library/Developer/CommandLineTools/usr/bin/cc   -Wextra -Wall -pedantic -Wbad-function-cast -Wconversion -Winline -Wmissing-declarations -Wmissing-prototypes -Wnested-externs -Wno-long-long -Wno-multichar -Wpointer-arith -Wshadow -Wsign-compare -Wundef -Wunused -Wwrite-strings -Wcast-align -Wdeclaration-after-statement -Wempty-body -Wendif-labels -Wfloat-equal -Wignored-qualifiers -Wno-format-nonliteral -Wno-sign-conversion -Wno-system-headers -Wstrict-prototypes -Wtype-limits -Wvla -Wshift-sign-overflow -Wshorten-64-to-32 -Wdouble-promotion -Wenum-conversion -Wunused-const-variable -Wcomma -Wmissing-variable-declarations -Wassign-enum -Wextra-semi-stmt -DHAVE_IOCTLSOCKET  -DHAVE_INTTYPES_H -DHAVE_SYS_FILIO_H -DHAVE_SYS_WAIT_H -DHAVE_SYS_IOCTL_H -DHAVE_SYS_PARAM_H -DHAVE_SYS_POLL_H -DHAVE_SYS_RESOURCE_H -DHAVE_SYS_SELECT_H -DHAVE_SYS_SOCKET_H -DHAVE_SYS_SOCKIO_H -DHAVE_SYS_STAT_H -DHAVE_SYS_TIME_H -DHAVE_SYS_TYPES_H -DHAVE_SYS_UN_H -DHAVE_SYS_XATTR_H -DHAVE_ARPA_INET_H -DHAVE_FCNTL_H -DHAVE_IFADDRS_H -DHAVE_LIBGEN_H -DHAVE_LOCALE_H -DHAVE_NET_IF_H -DHAVE_NETDB_H -DHAVE_NETINET_IN_H -DHAVE_NETINET_TCP_H -DHAVE_NETINET_UDP_H -DHAVE_POLL_H -DHAVE_PWD_H -DHAVE_STDATOMIC_H -DHAVE_STDBOOL_H -DHAVE_STDINT_H -DHAVE_STRINGS_H -DHAVE_TERMIOS_H -DHAVE_UNISTD_H -DHAVE_UTIME_H -isysroot /Library/Developer/CommandLineTools/SDKs/MacOSX13.1.sdk -mmacosx-version-min=12.6 -fcolor-diagnostics -MD -MT CMakeFiles/cmTC_1a44b.dir/CurlTests.c.o -MF CMakeFiles/cmTC_1a44b.dir/CurlTests.c.o.d -o CMakeFiles/cmTC_1a44b.dir/CurlTests.c.o -c '/Users/timur/vscode/ОП_2СЕМ/rest/cmake-build-debug/_deps/curl-src/CMake/CurlTests.c'
FAILED: CMakeFiles/cmTC_1a44b.dir/CurlTests.c.o 
/Library/Developer/CommandLineTools/usr/bin/cc   -Wextra -Wall -pedantic -Wbad-function-cast -Wconversion -Winline -Wmissing-declarations -Wmissing-prototypes -Wnested-externs -Wno-long-long -Wno-multichar -Wpointer-arith -Wshadow -Wsign-compare -Wundef -Wunused -Wwrite-strings -Wcast-align -Wdeclaration-after-statement -Wempty-body -Wendif-labels -Wfloat-equal -Wignored-qualifiers -Wno-format-nonliteral -Wno-sign-conversion -Wno-system-headers -Wstrict-prototypes -Wtype-limits -Wvla -Wshift-sign-overflow -Wshorten-64-to-32 -Wdouble-promotion -Wenum-conversion -Wunused-const-variable -Wcomma -Wmissing-variable-declarations -Wassign-enum -Wextra-semi-stmt -DHAVE_IOCTLSOCKET  -DHAVE_INTTYPES_H -DHAVE_SYS_FILIO_H -DHAVE_SYS_WAIT_H -DHAVE_SYS_IOCTL_H -DHAVE_SYS_PARAM_H -DHAVE_SYS_POLL_H -DHAVE_SYS_RESOURCE_H -DHAVE_SYS_SELECT_H -DHAVE_SYS_SOCKET_H -DHAVE_SYS_SOCKIO_H -DHAVE_SYS_STAT_H -DHAVE_SYS_TIME_H -DHAVE_SYS_TYPES_H -DHAVE_SYS_UN_H -DHAVE_SYS_XATTR_H -DHAVE_ARPA_INET_H -DHAVE_FCNTL_H -DHAVE_IFADDRS_H -DHAVE_LIBGEN_H -DHAVE_LOCALE_H -DHAVE_NET_IF_H -DHAVE_NETDB_H -DHAVE_NETINET_IN_H -DHAVE_NETINET_TCP_H -DHAVE_NETINET_UDP_H -DHAVE_POLL_H -DHAVE_PWD_H -DHAVE_STDATOMIC_H -DHAVE_STDBOOL_H -DHAVE_STDINT_H -DHAVE_STRINGS_H -DHAVE_TERMIOS_H -DHAVE_UNISTD_H -DHAVE_UTIME_H -isysroot /Library/Developer/CommandLineTools/SDKs/MacOSX13.1.sdk -mmacosx-version-min=12.6 -fcolor-diagnostics -MD -MT CMakeFiles/cmTC_1a44b.dir/CurlTests.c.o -MF CMakeFiles/cmTC_1a44b.dir/CurlTests.c.o.d -o CMakeFiles/cmTC_1a44b.dir/CurlTests.c.o -c '/Users/timur/vscode/ОП_2СЕМ/rest/cmake-build-debug/_deps/curl-src/CMake/CurlTests.c'
/Users/timur/vscode/ОП_2СЕМ/rest/cmake-build-debug/_deps/curl-src/CMake/CurlTests.c:204:24: error: implicit declaration of function 'ioctlsocket' is invalid in C99 [-Werror,-Wimplicit-function-declaration]
 unsigned long flags = ioctlsocket(socket, FIONBIO, &flags);
                       ^
/Users/timur/vscode/ОП_2СЕМ/rest/cmake-build-debug/_deps/curl-src/CMake/CurlTests.c:204:44: error: use of undeclared identifier 'FIONBIO'
 unsigned long flags = ioctlsocket(socket, FIONBIO, &flags);
                                           ^
/Users/timur/vscode/ОП_2СЕМ/rest/cmake-build-debug/_deps/curl-src/CMake/CurlTests.c:206:3: warning: empty expression statement has no effect; remove unnecessary ';' to silence this warning [-Wextra-semi-stmt]
  ;
  ^
1 warning and 2 errors generated.
ninja: build stopped: subcommand failed.


Performing Curl Test HAVE_IOCTLSOCKET_CAMEL failed with the following output:
Change Dir: '/Users/timur/vscode/ОП_2СЕМ/rest/cmake-build-debug/CMakeFiles/CMakeTmp'

Run Build Command(s): /Users/timur/Applications/CLion.app/Contents/bin/ninja/mac/x64/ninja -v cmTC_94e82
[1/2] /Library/Developer/CommandLineTools/usr/bin/cc   -Wextra -Wall -pedantic -Wbad-function-cast -Wconversion -Winline -Wmissing-declarations -Wmissing-prototypes -Wnested-externs -Wno-long-long -Wno-multichar -Wpointer-arith -Wshadow -Wsign-compare -Wundef -Wunused -Wwrite-strings -Wcast-align -Wdeclaration-after-statement -Wempty-body -Wendif-labels -Wfloat-equal -Wignored-qualifiers -Wno-format-nonliteral -Wno-sign-conversion -Wno-system-headers -Wstrict-prototypes -Wtype-limits -Wvla -Wshift-sign-overflow -Wshorten-64-to-32 -Wdouble-promotion -Wenum-conversion -Wunused-const-variable -Wcomma -Wmissing-variable-declarations -Wassign-enum -Wextra-semi-stmt -DHAVE_IOCTLSOCKET_CAMEL  -DHAVE_INTTYPES_H -DHAVE_SYS_FILIO_H -DHAVE_SYS_WAIT_H -DHAVE_SYS_IOCTL_H -DHAVE_SYS_PARAM_H -DHAVE_SYS_POLL_H -DHAVE_SYS_RESOURCE_H -DHAVE_SYS_SELECT_H -DHAVE_SYS_SOCKET_H -DHAVE_SYS_SOCKIO_H -DHAVE_SYS_STAT_H -DHAVE_SYS_TIME_H -DHAVE_SYS_TYPES_H -DHAVE_SYS_UN_H -DHAVE_SYS_XATTR_H -DHAVE_ARPA_INET_H -DHAVE_FCNTL_H -DHAVE_IFADDRS_H -DHAVE_LIBGEN_H -DHAVE_LOCALE_H -DHAVE_NET_IF_H -DHAVE_NETDB_H -DHAVE_NETINET_IN_H -DHAVE_NETINET_TCP_H -DHAVE_NETINET_UDP_H -DHAVE_POLL_H -DHAVE_PWD_H -DHAVE_STDATOMIC_H -DHAVE_STDBOOL_H -DHAVE_STDINT_H -DHAVE_STRINGS_H -DHAVE_TERMIOS_H -DHAVE_UNISTD_H -DHAVE_UTIME_H -isysroot /Library/Developer/CommandLineTools/SDKs/MacOSX13.1.sdk -mmacosx-version-min=12.6 -fcolor-diagnostics -MD -MT CMakeFiles/cmTC_94e82.dir/CurlTests.c.o -MF CMakeFiles/cmTC_94e82.dir/CurlTests.c.o.d -o CMakeFiles/cmTC_94e82.dir/CurlTests.c.o -c '/Users/timur/vscode/ОП_2СЕМ/rest/cmake-build-debug/_deps/curl-src/CMake/CurlTests.c'
FAILED: CMakeFiles/cmTC_94e82.dir/CurlTests.c.o 
/Library/Developer/CommandLineTools/usr/bin/cc   -Wextra -Wall -pedantic -Wbad-function-cast -Wconversion -Winline -Wmissing-declarations -Wmissing-prototypes -Wnested-externs -Wno-long-long -Wno-multichar -Wpointer-arith -Wshadow -Wsign-compare -Wundef -Wunused -Wwrite-strings -Wcast-align -Wdeclaration-after-statement -Wempty-body -Wendif-labels -Wfloat-equal -Wignored-qualifiers -Wno-format-nonliteral -Wno-sign-conversion -Wno-system-headers -Wstrict-prototypes -Wtype-limits -Wvla -Wshift-sign-overflow -Wshorten-64-to-32 -Wdouble-promotion -Wenum-conversion -Wunused-const-variable -Wcomma -Wmissing-variable-declarations -Wassign-enum -Wextra-semi-stmt -DHAVE_IOCTLSOCKET_CAMEL  -DHAVE_INTTYPES_H -DHAVE_SYS_FILIO_H -DHAVE_SYS_WAIT_H -DHAVE_SYS_IOCTL_H -DHAVE_SYS_PARAM_H -DHAVE_SYS_POLL_H -DHAVE_SYS_RESOURCE_H -DHAVE_SYS_SELECT_H -DHAVE_SYS_SOCKET_H -DHAVE_SYS_SOCKIO_H -DHAVE_SYS_STAT_H -DHAVE_SYS_TIME_H -DHAVE_SYS_TYPES_H -DHAVE_SYS_UN_H -DHAVE_SYS_XATTR_H -DHAVE_ARPA_INET_H -DHAVE_FCNTL_H -DHAVE_IFADDRS_H -DHAVE_LIBGEN_H -DHAVE_LOCALE_H -DHAVE_NET_IF_H -DHAVE_NETDB_H -DHAVE_NETINET_IN_H -DHAVE_NETINET_TCP_H -DHAVE_NETINET_UDP_H -DHAVE_POLL_H -DHAVE_PWD_H -DHAVE_STDATOMIC_H -DHAVE_STDBOOL_H -DHAVE_STDINT_H -DHAVE_STRINGS_H -DHAVE_TERMIOS_H -DHAVE_UNISTD_H -DHAVE_UTIME_H -isysroot /Library/Developer/CommandLineTools/SDKs/MacOSX13.1.sdk -mmacosx-version-min=12.6 -fcolor-diagnostics -MD -MT CMakeFiles/cmTC_94e82.dir/CurlTests.c.o -MF CMakeFiles/cmTC_94e82.dir/CurlTests.c.o.d -o CMakeFiles/cmTC_94e82.dir/CurlTests.c.o -c '/Users/timur/vscode/ОП_2СЕМ/rest/cmake-build-debug/_deps/curl-src/CMake/CurlTests.c'
/Users/timur/vscode/ОП_2СЕМ/rest/cmake-build-debug/_deps/curl-src/CMake/CurlTests.c:228:13: error: implicit declaration of function 'IoctlSocket' is invalid in C99 [-Werror,-Wimplicit-function-declaration]
    if(0 != IoctlSocket(0, 0, 0))
            ^
/Users/timur/vscode/ОП_2СЕМ/rest/cmake-build-debug/_deps/curl-src/CMake/CurlTests.c:230:3: warning: empty expression statement has no effect; remove unnecessary ';' to silence this warning [-Wextra-semi-stmt]
  ;
  ^
1 warning and 1 error generated.
ninja: build stopped: subcommand failed.


Performing Curl Test HAVE_IOCTLSOCKET_CAMEL_FIONBIO failed with the following output:
Change Dir: '/Users/timur/vscode/ОП_2СЕМ/rest/cmake-build-debug/CMakeFiles/CMakeTmp'

Run Build Command(s): /Users/timur/Applications/CLion.app/Contents/bin/ninja/mac/x64/ninja -v cmTC_3d7b4
[1/2] /Library/Developer/CommandLineTools/usr/bin/cc   -Wextra -Wall -pedantic -Wbad-function-cast -Wconversion -Winline -Wmissing-declarations -Wmissing-prototypes -Wnested-externs -Wno-long-long -Wno-multichar -Wpointer-arith -Wshadow -Wsign-compare -Wundef -Wunused -Wwrite-strings -Wcast-align -Wdeclaration-after-statement -Wempty-body -Wendif-labels -Wfloat-equal -Wignored-qualifiers -Wno-format-nonliteral -Wno-sign-conversion -Wno-system-headers -Wstrict-prototypes -Wtype-limits -Wvla -Wshift-sign-overflow -Wshorten-64-to-32 -Wdouble-promotion -Wenum-conversion -Wunused-const-variable -Wcomma -Wmissing-variable-declarations -Wassign-enum -Wextra-semi-stmt -DHAVE_IOCTLSOCKET_CAMEL_FIONBIO  -DHAVE_INTTYPES_H -DHAVE_SYS_FILIO_H -DHAVE_SYS_WAIT_H -DHAVE_SYS_IOCTL_H -DHAVE_SYS_PARAM_H -DHAVE_SYS_POLL_H -DHAVE_SYS_RESOURCE_H -DHAVE_SYS_SELECT_H -DHAVE_SYS_SOCKET_H -DHAVE_SYS_SOCKIO_H -DHAVE_SYS_STAT_H -DHAVE_SYS_TIME_H -DHAVE_SYS_TYPES_H -DHAVE_SYS_UN_H -DHAVE_SYS_XATTR_H -DHAVE_ARPA_INET_H -DHAVE_FCNTL_H -DHAVE_IFADDRS_H -DHAVE_LIBGEN_H -DHAVE_LOCALE_H -DHAVE_NET_IF_H -DHAVE_NETDB_H -DHAVE_NETINET_IN_H -DHAVE_NETINET_TCP_H -DHAVE_NETINET_UDP_H -DHAVE_POLL_H -DHAVE_PWD_H -DHAVE_STDATOMIC_H -DHAVE_STDBOOL_H -DHAVE_STDINT_H -DHAVE_STRINGS_H -DHAVE_TERMIOS_H -DHAVE_UNISTD_H -DHAVE_UTIME_H -isysroot /Library/Developer/CommandLineTools/SDKs/MacOSX13.1.sdk -mmacosx-version-min=12.6 -fcolor-diagnostics -MD -MT CMakeFiles/cmTC_3d7b4.dir/CurlTests.c.o -MF CMakeFiles/cmTC_3d7b4.dir/CurlTests.c.o.d -o CMakeFiles/cmTC_3d7b4.dir/CurlTests.c.o -c '/Users/timur/vscode/ОП_2СЕМ/rest/cmake-build-debug/_deps/curl-src/CMake/CurlTests.c'
FAILED: CMakeFiles/cmTC_3d7b4.dir/CurlTests.c.o 
/Library/Developer/CommandLineTools/usr/bin/cc   -Wextra -Wall -pedantic -Wbad-function-cast -Wconversion -Winline -Wmissing-declarations -Wmissing-prototypes -Wnested-externs -Wno-long-long -Wno-multichar -Wpointer-arith -Wshadow -Wsign-compare -Wundef -Wunused -Wwrite-strings -Wcast-align -Wdeclaration-after-statement -Wempty-body -Wendif-labels -Wfloat-equal -Wignored-qualifiers -Wno-format-nonliteral -Wno-sign-conversion -Wno-system-headers -Wstrict-prototypes -Wtype-limits -Wvla -Wshift-sign-overflow -Wshorten-64-to-32 -Wdouble-promotion -Wenum-conversion -Wunused-const-variable -Wcomma -Wmissing-variable-declarations -Wassign-enum -Wextra-semi-stmt -DHAVE_IOCTLSOCKET_CAMEL_FIONBIO  -DHAVE_INTTYPES_H -DHAVE_SYS_FILIO_H -DHAVE_SYS_WAIT_H -DHAVE_SYS_IOCTL_H -DHAVE_SYS_PARAM_H -DHAVE_SYS_POLL_H -DHAVE_SYS_RESOURCE_H -DHAVE_SYS_SELECT_H -DHAVE_SYS_SOCKET_H -DHAVE_SYS_SOCKIO_H -DHAVE_SYS_STAT_H -DHAVE_SYS_TIME_H -DHAVE_SYS_TYPES_H -DHAVE_SYS_UN_H -DHAVE_SYS_XATTR_H -DHAVE_ARPA_INET_H -DHAVE_FCNTL_H -DHAVE_IFADDRS_H -DHAVE_LIBGEN_H -DHAVE_LOCALE_H -DHAVE_NET_IF_H -DHAVE_NETDB_H -DHAVE_NETINET_IN_H -DHAVE_NETINET_TCP_H -DHAVE_NETINET_UDP_H -DHAVE_POLL_H -DHAVE_PWD_H -DHAVE_STDATOMIC_H -DHAVE_STDBOOL_H -DHAVE_STDINT_H -DHAVE_STRINGS_H -DHAVE_TERMIOS_H -DHAVE_UNISTD_H -DHAVE_UTIME_H -isysroot /Library/Developer/CommandLineTools/SDKs/MacOSX13.1.sdk -mmacosx-version-min=12.6 -fcolor-diagnostics -MD -MT CMakeFiles/cmTC_3d7b4.dir/CurlTests.c.o -MF CMakeFiles/cmTC_3d7b4.dir/CurlTests.c.o.d -o CMakeFiles/cmTC_3d7b4.dir/CurlTests.c.o -c '/Users/timur/vscode/ОП_2СЕМ/rest/cmake-build-debug/_deps/curl-src/CMake/CurlTests.c'
/Users/timur/vscode/ОП_2СЕМ/rest/cmake-build-debug/_deps/curl-src/CMake/CurlTests.c:252:17: error: implicit declaration of function 'IoctlSocket' is invalid in C99 [-Werror,-Wimplicit-function-declaration]
        if(0 != IoctlSocket(0, FIONBIO, &flags))
                ^
/Users/timur/vscode/ОП_2СЕМ/rest/cmake-build-debug/_deps/curl-src/CMake/CurlTests.c:252:32: error: use of undeclared identifier 'FIONBIO'
        if(0 != IoctlSocket(0, FIONBIO, &flags))
                               ^
/Users/timur/vscode/ОП_2СЕМ/rest/cmake-build-debug/_deps/curl-src/CMake/CurlTests.c:254:3: warning: empty expression statement has no effect; remove unnecessary ';' to silence this warning [-Wextra-semi-stmt]
  ;
  ^
1 warning and 2 errors generated.
ninja: build stopped: subcommand failed.


Performing Curl Test HAVE_IOCTLSOCKET_FIONBIO failed with the following output:
Change Dir: '/Users/timur/vscode/ОП_2СЕМ/rest/cmake-build-debug/CMakeFiles/CMakeTmp'

Run Build Command(s): /Users/timur/Applications/CLion.app/Contents/bin/ninja/mac/x64/ninja -v cmTC_8016e
[1/2] /Library/Developer/CommandLineTools/usr/bin/cc   -Wextra -Wall -pedantic -Wbad-function-cast -Wconversion -Winline -Wmissing-declarations -Wmissing-prototypes -Wnested-externs -Wno-long-long -Wno-multichar -Wpointer-arith -Wshadow -Wsign-compare -Wundef -Wunused -Wwrite-strings -Wcast-align -Wdeclaration-after-statement -Wempty-body -Wendif-labels -Wfloat-equal -Wignored-qualifiers -Wno-format-nonliteral -Wno-sign-conversion -Wno-system-headers -Wstrict-prototypes -Wtype-limits -Wvla -Wshift-sign-overflow -Wshorten-64-to-32 -Wdouble-promotion -Wenum-conversion -Wunused-const-variable -Wcomma -Wmissing-variable-declarations -Wassign-enum -Wextra-semi-stmt -DHAVE_IOCTLSOCKET_FIONBIO  -DHAVE_INTTYPES_H -DHAVE_SYS_FILIO_H -DHAVE_SYS_WAIT_H -DHAVE_SYS_IOCTL_H -DHAVE_SYS_PARAM_H -DHAVE_SYS_POLL_H -DHAVE_SYS_RESOURCE_H -DHAVE_SYS_SELECT_H -DHAVE_SYS_SOCKET_H -DHAVE_SYS_SOCKIO_H -DHAVE_SYS_STAT_H -DHAVE_SYS_TIME_H -DHAVE_SYS_TYPES_H -DHAVE_SYS_UN_H -DHAVE_SYS_XATTR_H -DHAVE_ARPA_INET_H -DHAVE_FCNTL_H -DHAVE_IFADDRS_H -DHAVE_LIBGEN_H -DHAVE_LOCALE_H -DHAVE_NET_IF_H -DHAVE_NETDB_H -DHAVE_NETINET_IN_H -DHAVE_NETINET_TCP_H -DHAVE_NETINET_UDP_H -DHAVE_POLL_H -DHAVE_PWD_H -DHAVE_STDATOMIC_H -DHAVE_STDBOOL_H -DHAVE_STDINT_H -DHAVE_STRINGS_H -DHAVE_TERMIOS_H -DHAVE_UNISTD_H -DHAVE_UTIME_H -isysroot /Library/Developer/CommandLineTools/SDKs/MacOSX13.1.sdk -mmacosx-version-min=12.6 -fcolor-diagnostics -MD -MT CMakeFiles/cmTC_8016e.dir/CurlTests.c.o -MF CMakeFiles/cmTC_8016e.dir/CurlTests.c.o.d -o CMakeFiles/cmTC_8016e.dir/CurlTests.c.o -c '/Users/timur/vscode/ОП_2СЕМ/rest/cmake-build-debug/_deps/curl-src/CMake/CurlTests.c'
FAILED: CMakeFiles/cmTC_8016e.dir/CurlTests.c.o 
/Library/Developer/CommandLineTools/usr/bin/cc   -Wextra -Wall -pedantic -Wbad-function-cast -Wconversion -Winline -Wmissing-declarations -Wmissing-prototypes -Wnested-externs -Wno-long-long -Wno-multichar -Wpointer-arith -Wshadow -Wsign-compare -Wundef -Wunused -Wwrite-strings -Wcast-align -Wdeclaration-after-statement -Wempty-body -Wendif-labels -Wfloat-equal -Wignored-qualifiers -Wno-format-nonliteral -Wno-sign-conversion -Wno-system-headers -Wstrict-prototypes -Wtype-limits -Wvla -Wshift-sign-overflow -Wshorten-64-to-32 -Wdouble-promotion -Wenum-conversion -Wunused-const-variable -Wcomma -Wmissing-variable-declarations -Wassign-enum -Wextra-semi-stmt -DHAVE_IOCTLSOCKET_FIONBIO  -DHAVE_INTTYPES_H -DHAVE_SYS_FILIO_H -DHAVE_SYS_WAIT_H -DHAVE_SYS_IOCTL_H -DHAVE_SYS_PARAM_H -DHAVE_SYS_POLL_H -DHAVE_SYS_RESOURCE_H -DHAVE_SYS_SELECT_H -DHAVE_SYS_SOCKET_H -DHAVE_SYS_SOCKIO_H -DHAVE_SYS_STAT_H -DHAVE_SYS_TIME_H -DHAVE_SYS_TYPES_H -DHAVE_SYS_UN_H -DHAVE_SYS_XATTR_H -DHAVE_ARPA_INET_H -DHAVE_FCNTL_H -DHAVE_IFADDRS_H -DHAVE_LIBGEN_H -DHAVE_LOCALE_H -DHAVE_NET_IF_H -DHAVE_NETDB_H -DHAVE_NETINET_IN_H -DHAVE_NETINET_TCP_H -DHAVE_NETINET_UDP_H -DHAVE_POLL_H -DHAVE_PWD_H -DHAVE_STDATOMIC_H -DHAVE_STDBOOL_H -DHAVE_STDINT_H -DHAVE_STRINGS_H -DHAVE_TERMIOS_H -DHAVE_UNISTD_H -DHAVE_UTIME_H -isysroot /Library/Developer/CommandLineTools/SDKs/MacOSX13.1.sdk -mmacosx-version-min=12.6 -fcolor-diagnostics -MD -MT CMakeFiles/cmTC_8016e.dir/CurlTests.c.o -MF CMakeFiles/cmTC_8016e.dir/CurlTests.c.o.d -o CMakeFiles/cmTC_8016e.dir/CurlTests.c.o -c '/Users/timur/vscode/ОП_2СЕМ/rest/cmake-build-debug/_deps/curl-src/CMake/CurlTests.c'
/Users/timur/vscode/ОП_2СЕМ/rest/cmake-build-debug/_deps/curl-src/CMake/CurlTests.c:275:17: error: implicit declaration of function 'ioctlsocket' is invalid in C99 [-Werror,-Wimplicit-function-declaration]
        if(0 != ioctlsocket(0, FIONBIO, &flags))
                ^
/Users/timur/vscode/ОП_2СЕМ/rest/cmake-build-debug/_deps/curl-src/CMake/CurlTests.c:275:32: error: use of undeclared identifier 'FIONBIO'
        if(0 != ioctlsocket(0, FIONBIO, &flags))
                               ^
/Users/timur/vscode/ОП_2СЕМ/rest/cmake-build-debug/_deps/curl-src/CMake/CurlTests.c:278:3: warning: empty expression statement has no effect; remove unnecessary ';' to silence this warning [-Wextra-semi-stmt]
  ;
  ^
1 warning and 2 errors generated.
ninja: build stopped: subcommand failed.


Performing Curl Test HAVE_SETSOCKOPT_SO_NONBLOCK failed with the following output:
Change Dir: '/Users/timur/vscode/ОП_2СЕМ/rest/cmake-build-debug/CMakeFiles/CMakeTmp'

Run Build Command(s): /Users/timur/Applications/CLion.app/Contents/bin/ninja/mac/x64/ninja -v cmTC_a1de7
[1/2] /Library/Developer/CommandLineTools/usr/bin/cc   -Wextra -Wall -pedantic -Wbad-function-cast -Wconversion -Winline -Wmissing-declarations -Wmissing-prototypes -Wnested-externs -Wno-long-long -Wno-multichar -Wpointer-arith -Wshadow -Wsign-compare -Wundef -Wunused -Wwrite-strings -Wcast-align -Wdeclaration-after-statement -Wempty-body -Wendif-labels -Wfloat-equal -Wignored-qualifiers -Wno-format-nonliteral -Wno-sign-conversion -Wno-system-headers -Wstrict-prototypes -Wtype-limits -Wvla -Wshift-sign-overflow -Wshorten-64-to-32 -Wdouble-promotion -Wenum-conversion -Wunused-const-variable -Wcomma -Wmissing-variable-declarations -Wassign-enum -Wextra-semi-stmt -DHAVE_SETSOCKOPT_SO_NONBLOCK  -DHAVE_INTTYPES_H -DHAVE_SYS_FILIO_H -DHAVE_SYS_WAIT_H -DHAVE_SYS_IOCTL_H -DHAVE_SYS_PARAM_H -DHAVE_SYS_POLL_H -DHAVE_SYS_RESOURCE_H -DHAVE_SYS_SELECT_H -DHAVE_SYS_SOCKET_H -DHAVE_SYS_SOCKIO_H -DHAVE_SYS_STAT_H -DHAVE_SYS_TIME_H -DHAVE_SYS_TYPES_H -DHAVE_SYS_UN_H -DHAVE_SYS_XATTR_H -DHAVE_ARPA_INET_H -DHAVE_FCNTL_H -DHAVE_IFADDRS_H -DHAVE_LIBGEN_H -DHAVE_LOCALE_H -DHAVE_NET_IF_H -DHAVE_NETDB_H -DHAVE_NETINET_IN_H -DHAVE_NETINET_TCP_H -DHAVE_NETINET_UDP_H -DHAVE_POLL_H -DHAVE_PWD_H -DHAVE_STDATOMIC_H -DHAVE_STDBOOL_H -DHAVE_STDINT_H -DHAVE_STRINGS_H -DHAVE_TERMIOS_H -DHAVE_UNISTD_H -DHAVE_UTIME_H -isysroot /Library/Developer/CommandLineTools/SDKs/MacOSX13.1.sdk -mmacosx-version-min=12.6 -fcolor-diagnostics -MD -MT CMakeFiles/cmTC_a1de7.dir/CurlTests.c.o -MF CMakeFiles/cmTC_a1de7.dir/CurlTests.c.o.d -o CMakeFiles/cmTC_a1de7.dir/CurlTests.c.o -c '/Users/timur/vscode/ОП_2СЕМ/rest/cmake-build-debug/_deps/curl-src/CMake/CurlTests.c'
FAILED: CMakeFiles/cmTC_a1de7.dir/CurlTests.c.o 
/Library/Developer/CommandLineTools/usr/bin/cc   -Wextra -Wall -pedantic -Wbad-function-cast -Wconversion -Winline -Wmissing-declarations -Wmissing-prototypes -Wnested-externs -Wno-long-long -Wno-multichar -Wpointer-arith -Wshadow -Wsign-compare -Wundef -Wunused -Wwrite-strings -Wcast-align -Wdeclaration-after-statement -Wempty-body -Wendif-labels -Wfloat-equal -Wignored-qualifiers -Wno-format-nonliteral -Wno-sign-conversion -Wno-system-headers -Wstrict-prototypes -Wtype-limits -Wvla -Wshift-sign-overflow -Wshorten-64-to-32 -Wdouble-promotion -Wenum-conversion -Wunused-const-variable -Wcomma -Wmissing-variable-declarations -Wassign-enum -Wextra-semi-stmt -DHAVE_SETSOCKOPT_SO_NONBLOCK  -DHAVE_INTTYPES_H -DHAVE_SYS_FILIO_H -DHAVE_SYS_WAIT_H -DHAVE_SYS_IOCTL_H -DHAVE_SYS_PARAM_H -DHAVE_SYS_POLL_H -DHAVE_SYS_RESOURCE_H -DHAVE_SYS_SELECT_H -DHAVE_SYS_SOCKET_H -DHAVE_SYS_SOCKIO_H -DHAVE_SYS_STAT_H -DHAVE_SYS_TIME_H -DHAVE_SYS_TYPES_H -DHAVE_SYS_UN_H -DHAVE_SYS_XATTR_H -DHAVE_ARPA_INET_H -DHAVE_FCNTL_H -DHAVE_IFADDRS_H -DHAVE_LIBGEN_H -DHAVE_LOCALE_H -DHAVE_NET_IF_H -DHAVE_NETDB_H -DHAVE_NETINET_IN_H -DHAVE_NETINET_TCP_H -DHAVE_NETINET_UDP_H -DHAVE_POLL_H -DHAVE_PWD_H -DHAVE_STDATOMIC_H -DHAVE_STDBOOL_H -DHAVE_STDINT_H -DHAVE_STRINGS_H -DHAVE_TERMIOS_H -DHAVE_UNISTD_H -DHAVE_UTIME_H -isysroot /Library/Developer/CommandLineTools/SDKs/MacOSX13.1.sdk -mmacosx-version-min=12.6 -fcolor-diagnostics -MD -MT CMakeFiles/cmTC_a1de7.dir/CurlTests.c.o -MF CMakeFiles/cmTC_a1de7.dir/CurlTests.c.o.d -o CMakeFiles/cmTC_a1de7.dir/CurlTests.c.o -c '/Users/timur/vscode/ОП_2СЕМ/rest/cmake-build-debug/_deps/curl-src/CMake/CurlTests.c'
/Users/timur/vscode/ОП_2СЕМ/rest/cmake-build-debug/_deps/curl-src/CMake/CurlTests.c:367:43: error: use of undeclared identifier 'SO_NONBLOCK'
        if(0 != setsockopt(0, SOL_SOCKET, SO_NONBLOCK, 0, 0))
                                          ^
/Users/timur/vscode/ОП_2СЕМ/rest/cmake-build-debug/_deps/curl-src/CMake/CurlTests.c:369:3: warning: empty expression statement has no effect; remove unnecessary ';' to silence this warning [-Wextra-semi-stmt]
  ;
  ^
1 warning and 1 error generated.
ninja: build stopped: subcommand failed.


Performing Curl Test HAVE_O_NONBLOCK failed with the following output:
Change Dir: '/Users/timur/vscode/ОП_2СЕМ/rest/cmake-build-debug/CMakeFiles/CMakeTmp'

Run Build Command(s): /Users/timur/Applications/CLion.app/Contents/bin/ninja/mac/x64/ninja -v cmTC_71e20
[1/2] /Library/Developer/CommandLineTools/usr/bin/cc   -Wextra -Wall -pedantic -Wbad-function-cast -Wconversion -Winline -Wmissing-declarations -Wmissing-prototypes -Wnested-externs -Wno-long-long -Wno-multichar -Wpointer-arith -Wshadow -Wsign-compare -Wundef -Wunused -Wwrite-strings -Wcast-align -Wdeclaration-after-statement -Wempty-body -Wendif-labels -Wfloat-equal -Wignored-qualifiers -Wno-format-nonliteral -Wno-sign-conversion -Wno-system-headers -Wstrict-prototypes -Wtype-limits -Wvla -Wshift-sign-overflow -Wshorten-64-to-32 -Wdouble-promotion -Wenum-conversion -Wunused-const-variable -Wcomma -Wmissing-variable-declarations -Wassign-enum -Wextra-semi-stmt -DHAVE_O_NONBLOCK  -DHAVE_INTTYPES_H -DHAVE_SYS_FILIO_H -DHAVE_SYS_WAIT_H -DHAVE_SYS_IOCTL_H -DHAVE_SYS_PARAM_H -DHAVE_SYS_POLL_H -DHAVE_SYS_RESOURCE_H -DHAVE_SYS_SELECT_H -DHAVE_SYS_SOCKET_H -DHAVE_SYS_SOCKIO_H -DHAVE_SYS_STAT_H -DHAVE_SYS_TIME_H -DHAVE_SYS_TYPES_H -DHAVE_SYS_UN_H -DHAVE_SYS_XATTR_H -DHAVE_ARPA_INET_H -DHAVE_FCNTL_H -DHAVE_IFADDRS_H -DHAVE_LIBGEN_H -DHAVE_LOCALE_H -DHAVE_NET_IF_H -DHAVE_NETDB_H -DHAVE_NETINET_IN_H -DHAVE_NETINET_TCP_H -DHAVE_NETINET_UDP_H -DHAVE_POLL_H -DHAVE_PWD_H -DHAVE_STDATOMIC_H -DHAVE_STDBOOL_H -DHAVE_STDINT_H -DHAVE_STRINGS_H -DHAVE_TERMIOS_H -DHAVE_UNISTD_H -DHAVE_UTIME_H -isysroot /Library/Developer/CommandLineTools/SDKs/MacOSX13.1.sdk -mmacosx-version-min=12.6 -fcolor-diagnostics -MD -MT CMakeFiles/cmTC_71e20.dir/CurlTests.c.o -MF CMakeFiles/cmTC_71e20.dir/CurlTests.c.o.d -o CMakeFiles/cmTC_71e20.dir/CurlTests.c.o -c '/Users/timur/vscode/ОП_2СЕМ/rest/cmake-build-debug/_deps/curl-src/CMake/CurlTests.c'
/Users/timur/vscode/ОП_2СЕМ/rest/cmake-build-debug/_deps/curl-src/CMake/CurlTests.c:515:7: warning: ISO C requires a translation unit to contain at least one declaration [-Wempty-translation-unit]
#endif
      ^
1 warning generated.
[2/2] : && /Library/Developer/CommandLineTools/usr/bin/cc -Wextra -Wall -pedantic -Wbad-function-cast -Wconversion -Winline -Wmissing-declarations -Wmissing-prototypes -Wnested-externs -Wno-long-long -Wno-multichar -Wpointer-arith -Wshadow -Wsign-compare -Wundef -Wunused -Wwrite-strings -Wcast-align -Wdeclaration-after-statement -Wempty-body -Wendif-labels -Wfloat-equal -Wignored-qualifiers -Wno-format-nonliteral -Wno-sign-conversion -Wno-system-headers -Wstrict-prototypes -Wtype-limits -Wvla -Wshift-sign-overflow -Wshorten-64-to-32 -Wdouble-promotion -Wenum-conversion -Wunused-const-variable -Wcomma -Wmissing-variable-declarations -Wassign-enum -Wextra-semi-stmt -DHAVE_O_NONBLOCK  -DHAVE_INTTYPES_H -DHAVE_SYS_FILIO_H -DHAVE_SYS_WAIT_H -DHAVE_SYS_IOCTL_H -DHAVE_SYS_PARAM_H -DHAVE_SYS_POLL_H -DHAVE_SYS_RESOURCE_H -DHAVE_SYS_SELECT_H -DHAVE_SYS_SOCKET_H -DHAVE_SYS_SOCKIO_H -DHAVE_SYS_STAT_H -DHAVE_SYS_TIME_H -DHAVE_SYS_TYPES_H -DHAVE_SYS_UN_H -DHAVE_SYS_XATTR_H -DHAVE_ARPA_INET_H -DHAVE_FCNTL_H -DHAVE_IFADDRS_H -DHAVE_LIBGEN_H -DHAVE_LOCALE_H -DHAVE_NET_IF_H -DHAVE_NETDB_H -DHAVE_NETINET_IN_H -DHAVE_NETINET_TCP_H -DHAVE_NETINET_UDP_H -DHAVE_POLL_H -DHAVE_PWD_H -DHAVE_STDATOMIC_H -DHAVE_STDBOOL_H -DHAVE_STDINT_H -DHAVE_STRINGS_H -DHAVE_TERMIOS_H -DHAVE_UNISTD_H -DHAVE_UTIME_H -isysroot /Library/Developer/CommandLineTools/SDKs/MacOSX13.1.sdk -mmacosx-version-min=12.6 -Wl,-search_paths_first -Wl,-headerpad_max_install_names  CMakeFiles/cmTC_71e20.dir/CurlTests.c.o -o cmTC_71e20   && :
FAILED: cmTC_71e20 
: && /Library/Developer/CommandLineTools/usr/bin/cc -Wextra -Wall -pedantic -Wbad-function-cast -Wconversion -Winline -Wmissing-declarations -Wmissing-prototypes -Wnested-externs -Wno-long-long -Wno-multichar -Wpointer-arith -Wshadow -Wsign-compare -Wundef -Wunused -Wwrite-strings -Wcast-align -Wdeclaration-after-statement -Wempty-body -Wendif-labels -Wfloat-equal -Wignored-qualifiers -Wno-format-nonliteral -Wno-sign-conversion -Wno-system-headers -Wstrict-prototypes -Wtype-limits -Wvla -Wshift-sign-overflow -Wshorten-64-to-32 -Wdouble-promotion -Wenum-conversion -Wunused-const-variable -Wcomma -Wmissing-variable-declarations -Wassign-enum -Wextra-semi-stmt -DHAVE_O_NONBLOCK  -DHAVE_INTTYPES_H -DHAVE_SYS_FILIO_H -DHAVE_SYS_WAIT_H -DHAVE_SYS_IOCTL_H -DHAVE_SYS_PARAM_H -DHAVE_SYS_POLL_H -DHAVE_SYS_RESOURCE_H -DHAVE_SYS_SELECT_H -DHAVE_SYS_SOCKET_H -DHAVE_SYS_SOCKIO_H -DHAVE_SYS_STAT_H -DHAVE_SYS_TIME_H -DHAVE_SYS_TYPES_H -DHAVE_SYS_UN_H -DHAVE_SYS_XATTR_H -DHAVE_ARPA_INET_H -DHAVE_FCNTL_H -DHAVE_IFADDRS_H -DHAVE_LIBGEN_H -DHAVE_LOCALE_H -DHAVE_NET_IF_H -DHAVE_NETDB_H -DHAVE_NETINET_IN_H -DHAVE_NETINET_TCP_H -DHAVE_NETINET_UDP_H -DHAVE_POLL_H -DHAVE_PWD_H -DHAVE_STDATOMIC_H -DHAVE_STDBOOL_H -DHAVE_STDINT_H -DHAVE_STRINGS_H -DHAVE_TERMIOS_H -DHAVE_UNISTD_H -DHAVE_UTIME_H -isysroot /Library/Developer/CommandLineTools/SDKs/MacOSX13.1.sdk -mmacosx-version-min=12.6 -Wl,-search_paths_first -Wl,-headerpad_max_install_names  CMakeFiles/cmTC_71e20.dir/CurlTests.c.o -o cmTC_71e20   && :
Undefined symbols for architecture x86_64:
  "_main", referenced from:
     implicit entry/start for main executable
ld: symbol(s) not found for architecture x86_64
clang: error: linker command failed with exit code 1 (use -v to see invocation)
ninja: build stopped: subcommand failed.


Performing Curl Test HAVE_GETHOSTBYNAME_R_3 failed with the following output:
Change Dir: '/Users/timur/vscode/ОП_2СЕМ/rest/cmake-build-debug/CMakeFiles/CMakeTmp'

Run Build Command(s): /Users/timur/Applications/CLion.app/Contents/bin/ninja/mac/x64/ninja -v cmTC_105e7
[1/2] /Library/Developer/CommandLineTools/usr/bin/cc   -Wextra -Wall -pedantic -Wbad-function-cast -Wconversion -Winline -Wmissing-declarations -Wmissing-prototypes -Wnested-externs -Wno-long-long -Wno-multichar -Wpointer-arith -Wshadow -Wsign-compare -Wundef -Wunused -Wwrite-strings -Wcast-align -Wdeclaration-after-statement -Wempty-body -Wendif-labels -Wfloat-equal -Wignored-qualifiers -Wno-format-nonliteral -Wno-sign-conversion -Wno-system-headers -Wstrict-prototypes -Wtype-limits -Wvla -Wshift-sign-overflow -Wshorten-64-to-32 -Wdouble-promotion -Wenum-conversion -Wunused-const-variable -Wcomma -Wmissing-variable-declarations -Wassign-enum -Wextra-semi-stmt -DHAVE_GETHOSTBYNAME_R_3  -DHAVE_INTTYPES_H -DHAVE_SYS_FILIO_H -DHAVE_SYS_WAIT_H -DHAVE_SYS_IOCTL_H -DHAVE_SYS_PARAM_H -DHAVE_SYS_POLL_H -DHAVE_SYS_RESOURCE_H -DHAVE_SYS_SELECT_H -DHAVE_SYS_SOCKET_H -DHAVE_SYS_SOCKIO_H -DHAVE_SYS_STAT_H -DHAVE_SYS_TIME_H -DHAVE_SYS_TYPES_H -DHAVE_SYS_UN_H -DHAVE_SYS_XATTR_H -DHAVE_ARPA_INET_H -DHAVE_FCNTL_H -DHAVE_IFADDRS_H -DHAVE_LIBGEN_H -DHAVE_LOCALE_H -DHAVE_NET_IF_H -DHAVE_NETDB_H -DHAVE_NETINET_IN_H -DHAVE_NETINET_TCP_H -DHAVE_NETINET_UDP_H -DHAVE_POLL_H -DHAVE_PWD_H -DHAVE_STDATOMIC_H -DHAVE_STDBOOL_H -DHAVE_STDINT_H -DHAVE_STRINGS_H -DHAVE_TERMIOS_H -DHAVE_UNISTD_H -DHAVE_UTIME_H -isysroot /Library/Developer/CommandLineTools/SDKs/MacOSX13.1.sdk -mmacosx-version-min=12.6 -fcolor-diagnostics -MD -MT CMakeFiles/cmTC_105e7.dir/CurlTests.c.o -MF CMakeFiles/cmTC_105e7.dir/CurlTests.c.o.d -o CMakeFiles/cmTC_105e7.dir/CurlTests.c.o -c '/Users/timur/vscode/ОП_2СЕМ/rest/cmake-build-debug/_deps/curl-src/CMake/CurlTests.c'
FAILED: CMakeFiles/cmTC_105e7.dir/CurlTests.c.o 
/Library/Developer/CommandLineTools/usr/bin/cc   -Wextra -Wall -pedantic -Wbad-function-cast -Wconversion -Winline -Wmissing-declarations -Wmissing-prototypes -Wnested-externs -Wno-long-long -Wno-multichar -Wpointer-arith -Wshadow -Wsign-compare -Wundef -Wunused -Wwrite-strings -Wcast-align -Wdeclaration-after-statement -Wempty-body -Wendif-labels -Wfloat-equal -Wignored-qualifiers -Wno-format-nonliteral -Wno-sign-conversion -Wno-system-headers -Wstrict-prototypes -Wtype-limits -Wvla -Wshift-sign-overflow -Wshorten-64-to-32 -Wdouble-promotion -Wenum-conversion -Wunused-const-variable -Wcomma -Wmissing-variable-declarations -Wassign-enum -Wextra-semi-stmt -DHAVE_GETHOSTBYNAME_R_3  -DHAVE_INTTYPES_H -DHAVE_SYS_FILIO_H -DHAVE_SYS_WAIT_H -DHAVE_SYS_IOCTL_H -DHAVE_SYS_PARAM_H -DHAVE_SYS_POLL_H -DHAVE_SYS_RESOURCE_H -DHAVE_SYS_SELECT_H -DHAVE_SYS_SOCKET_H -DHAVE_SYS_SOCKIO_H -DHAVE_SYS_STAT_H -DHAVE_SYS_TIME_H -DHAVE_SYS_TYPES_H -DHAVE_SYS_UN_H -DHAVE_SYS_XATTR_H -DHAVE_ARPA_INET_H -DHAVE_FCNTL_H -DHAVE_IFADDRS_H -DHAVE_LIBGEN_H -DHAVE_LOCALE_H -DHAVE_NET_IF_H -DHAVE_NETDB_H -DHAVE_NETINET_IN_H -DHAVE_NETINET_TCP_H -DHAVE_NETINET_UDP_H -DHAVE_POLL_H -DHAVE_PWD_H -DHAVE_STDATOMIC_H -DHAVE_STDBOOL_H -DHAVE_STDINT_H -DHAVE_STRINGS_H -DHAVE_TERMIOS_H -DHAVE_UNISTD_H -DHAVE_UTIME_H -isysroot /Library/Developer/CommandLineTools/SDKs/MacOSX13.1.sdk -mmacosx-version-min=12.6 -fcolor-diagnostics -MD -MT CMakeFiles/cmTC_105e7.dir/CurlTests.c.o -MF CMakeFiles/cmTC_105e7.dir/CurlTests.c.o.d -o CMakeFiles/cmTC_105e7.dir/CurlTests.c.o -c '/Users/timur/vscode/ОП_2СЕМ/rest/cmake-build-debug/_deps/curl-src/CMake/CurlTests.c'
/Users/timur/vscode/ОП_2СЕМ/rest/cmake-build-debug/_deps/curl-src/CMake/CurlTests.c:75:9: warning: initializing 'char *' with an expression of type 'const char[12]' discards qualifiers [-Wincompatible-pointer-types-discards-qualifiers]
  char *address = "example.com";
        ^         ~~~~~~~~~~~~~
/Users/timur/vscode/ОП_2СЕМ/rest/cmake-build-debug/_deps/curl-src/CMake/CurlTests.c:82:23: error: variable has incomplete type 'struct hostent_data'
  struct hostent_data hdata;
                      ^
/Users/timur/vscode/ОП_2СЕМ/rest/cmake-build-debug/_deps/curl-src/CMake/CurlTests.c:82:10: note: forward declaration of 'struct hostent_data'
  struct hostent_data hdata;
         ^
/Users/timur/vscode/ОП_2СЕМ/rest/cmake-build-debug/_deps/curl-src/CMake/CurlTests.c:94:8: error: implicit declaration of function 'gethostbyname_r' is invalid in C99 [-Werror,-Wimplicit-function-declaration]
  rc = gethostbyname_r(address, &h, &hdata);
       ^
1 warning and 2 errors generated.
ninja: build stopped: subcommand failed.


Performing Curl Test HAVE_GETHOSTBYNAME_R_5 failed with the following output:
Change Dir: '/Users/timur/vscode/ОП_2СЕМ/rest/cmake-build-debug/CMakeFiles/CMakeTmp'

Run Build Command(s): /Users/timur/Applications/CLion.app/Contents/bin/ninja/mac/x64/ninja -v cmTC_bfed9
[1/2] /Library/Developer/CommandLineTools/usr/bin/cc   -Wextra -Wall -pedantic -Wbad-function-cast -Wconversion -Winline -Wmissing-declarations -Wmissing-prototypes -Wnested-externs -Wno-long-long -Wno-multichar -Wpointer-arith -Wshadow -Wsign-compare -Wundef -Wunused -Wwrite-strings -Wcast-align -Wdeclaration-after-statement -Wempty-body -Wendif-labels -Wfloat-equal -Wignored-qualifiers -Wno-format-nonliteral -Wno-sign-conversion -Wno-system-headers -Wstrict-prototypes -Wtype-limits -Wvla -Wshift-sign-overflow -Wshorten-64-to-32 -Wdouble-promotion -Wenum-conversion -Wunused-const-variable -Wcomma -Wmissing-variable-declarations -Wassign-enum -Wextra-semi-stmt -DHAVE_GETHOSTBYNAME_R_5  -DHAVE_INTTYPES_H -DHAVE_SYS_FILIO_H -DHAVE_SYS_WAIT_H -DHAVE_SYS_IOCTL_H -DHAVE_SYS_PARAM_H -DHAVE_SYS_POLL_H -DHAVE_SYS_RESOURCE_H -DHAVE_SYS_SELECT_H -DHAVE_SYS_SOCKET_H -DHAVE_SYS_SOCKIO_H -DHAVE_SYS_STAT_H -DHAVE_SYS_TIME_H -DHAVE_SYS_TYPES_H -DHAVE_SYS_UN_H -DHAVE_SYS_XATTR_H -DHAVE_ARPA_INET_H -DHAVE_FCNTL_H -DHAVE_IFADDRS_H -DHAVE_LIBGEN_H -DHAVE_LOCALE_H -DHAVE_NET_IF_H -DHAVE_NETDB_H -DHAVE_NETINET_IN_H -DHAVE_NETINET_TCP_H -DHAVE_NETINET_UDP_H -DHAVE_POLL_H -DHAVE_PWD_H -DHAVE_STDATOMIC_H -DHAVE_STDBOOL_H -DHAVE_STDINT_H -DHAVE_STRINGS_H -DHAVE_TERMIOS_H -DHAVE_UNISTD_H -DHAVE_UTIME_H -isysroot /Library/Developer/CommandLineTools/SDKs/MacOSX13.1.sdk -mmacosx-version-min=12.6 -fcolor-diagnostics -MD -MT CMakeFiles/cmTC_bfed9.dir/CurlTests.c.o -MF CMakeFiles/cmTC_bfed9.dir/CurlTests.c.o.d -o CMakeFiles/cmTC_bfed9.dir/CurlTests.c.o -c '/Users/timur/vscode/ОП_2СЕМ/rest/cmake-build-debug/_deps/curl-src/CMake/CurlTests.c'
FAILED: CMakeFiles/cmTC_bfed9.dir/CurlTests.c.o 
/Library/Developer/CommandLineTools/usr/bin/cc   -Wextra -Wall -pedantic -Wbad-function-cast -Wconversion -Winline -Wmissing-declarations -Wmissing-prototypes -Wnested-externs -Wno-long-long -Wno-multichar -Wpointer-arith -Wshadow -Wsign-compare -Wundef -Wunused -Wwrite-strings -Wcast-align -Wdeclaration-after-statement -Wempty-body -Wendif-labels -Wfloat-equal -Wignored-qualifiers -Wno-format-nonliteral -Wno-sign-conversion -Wno-system-headers -Wstrict-prototypes -Wtype-limits -Wvla -Wshift-sign-overflow -Wshorten-64-to-32 -Wdouble-promotion -Wenum-conversion -Wunused-const-variable -Wcomma -Wmissing-variable-declarations -Wassign-enum -Wextra-semi-stmt -DHAVE_GETHOSTBYNAME_R_5  -DHAVE_INTTYPES_H -DHAVE_SYS_FILIO_H -DHAVE_SYS_WAIT_H -DHAVE_SYS_IOCTL_H -DHAVE_SYS_PARAM_H -DHAVE_SYS_POLL_H -DHAVE_SYS_RESOURCE_H -DHAVE_SYS_SELECT_H -DHAVE_SYS_SOCKET_H -DHAVE_SYS_SOCKIO_H -DHAVE_SYS_STAT_H -DHAVE_SYS_TIME_H -DHAVE_SYS_TYPES_H -DHAVE_SYS_UN_H -DHAVE_SYS_XATTR_H -DHAVE_ARPA_INET_H -DHAVE_FCNTL_H -DHAVE_IFADDRS_H -DHAVE_LIBGEN_H -DHAVE_LOCALE_H -DHAVE_NET_IF_H -DHAVE_NETDB_H -DHAVE_NETINET_IN_H -DHAVE_NETINET_TCP_H -DHAVE_NETINET_UDP_H -DHAVE_POLL_H -DHAVE_PWD_H -DHAVE_STDATOMIC_H -DHAVE_STDBOOL_H -DHAVE_STDINT_H -DHAVE_STRINGS_H -DHAVE_TERMIOS_H -DHAVE_UNISTD_H -DHAVE_UTIME_H -isysroot /Library/Developer/CommandLineTools/SDKs/MacOSX13.1.sdk -mmacosx-version-min=12.6 -fcolor-diagnostics -MD -MT CMakeFiles/cmTC_bfed9.dir/CurlTests.c.o -MF CMakeFiles/cmTC_bfed9.dir/CurlTests.c.o.d -o CMakeFiles/cmTC_bfed9.dir/CurlTests.c.o -c '/Users/timur/vscode/ОП_2СЕМ/rest/cmake-build-debug/_deps/curl-src/CMake/CurlTests.c'
/Users/timur/vscode/ОП_2СЕМ/rest/cmake-build-debug/_deps/curl-src/CMake/CurlTests.c:75:9: warning: initializing 'char *' with an expression of type 'const char[12]' discards qualifiers [-Wincompatible-pointer-types-discards-qualifiers]
  char *address = "example.com";
        ^         ~~~~~~~~~~~~~
/Users/timur/vscode/ОП_2СЕМ/rest/cmake-build-debug/_deps/curl-src/CMake/CurlTests.c:97:8: error: implicit declaration of function 'gethostbyname_r' is invalid in C99 [-Werror,-Wimplicit-function-declaration]
  rc = gethostbyname_r(address, &h, buffer, 8192, &h_errnop);
       ^
1 warning and 1 error generated.
ninja: build stopped: subcommand failed.


Performing Curl Test HAVE_GETHOSTBYNAME_R_6 failed with the following output:
Change Dir: '/Users/timur/vscode/ОП_2СЕМ/rest/cmake-build-debug/CMakeFiles/CMakeTmp'

Run Build Command(s): /Users/timur/Applications/CLion.app/Contents/bin/ninja/mac/x64/ninja -v cmTC_249fb
[1/2] /Library/Developer/CommandLineTools/usr/bin/cc   -Wextra -Wall -pedantic -Wbad-function-cast -Wconversion -Winline -Wmissing-declarations -Wmissing-prototypes -Wnested-externs -Wno-long-long -Wno-multichar -Wpointer-arith -Wshadow -Wsign-compare -Wundef -Wunused -Wwrite-strings -Wcast-align -Wdeclaration-after-statement -Wempty-body -Wendif-labels -Wfloat-equal -Wignored-qualifiers -Wno-format-nonliteral -Wno-sign-conversion -Wno-system-headers -Wstrict-prototypes -Wtype-limits -Wvla -Wshift-sign-overflow -Wshorten-64-to-32 -Wdouble-promotion -Wenum-conversion -Wunused-const-variable -Wcomma -Wmissing-variable-declarations -Wassign-enum -Wextra-semi-stmt -DHAVE_GETHOSTBYNAME_R_6  -DHAVE_INTTYPES_H -DHAVE_SYS_FILIO_H -DHAVE_SYS_WAIT_H -DHAVE_SYS_IOCTL_H -DHAVE_SYS_PARAM_H -DHAVE_SYS_POLL_H -DHAVE_SYS_RESOURCE_H -DHAVE_SYS_SELECT_H -DHAVE_SYS_SOCKET_H -DHAVE_SYS_SOCKIO_H -DHAVE_SYS_STAT_H -DHAVE_SYS_TIME_H -DHAVE_SYS_TYPES_H -DHAVE_SYS_UN_H -DHAVE_SYS_XATTR_H -DHAVE_ARPA_INET_H -DHAVE_FCNTL_H -DHAVE_IFADDRS_H -DHAVE_LIBGEN_H -DHAVE_LOCALE_H -DHAVE_NET_IF_H -DHAVE_NETDB_H -DHAVE_NETINET_IN_H -DHAVE_NETINET_TCP_H -DHAVE_NETINET_UDP_H -DHAVE_POLL_H -DHAVE_PWD_H -DHAVE_STDATOMIC_H -DHAVE_STDBOOL_H -DHAVE_STDINT_H -DHAVE_STRINGS_H -DHAVE_TERMIOS_H -DHAVE_UNISTD_H -DHAVE_UTIME_H -isysroot /Library/Developer/CommandLineTools/SDKs/MacOSX13.1.sdk -mmacosx-version-min=12.6 -fcolor-diagnostics -MD -MT CMakeFiles/cmTC_249fb.dir/CurlTests.c.o -MF CMakeFiles/cmTC_249fb.dir/CurlTests.c.o.d -o CMakeFiles/cmTC_249fb.dir/CurlTests.c.o -c '/Users/timur/vscode/ОП_2СЕМ/rest/cmake-build-debug/_deps/curl-src/CMake/CurlTests.c'
FAILED: CMakeFiles/cmTC_249fb.dir/CurlTests.c.o 
/Library/Developer/CommandLineTools/usr/bin/cc   -Wextra -Wall -pedantic -Wbad-function-cast -Wconversion -Winline -Wmissing-declarations -Wmissing-prototypes -Wnested-externs -Wno-long-long -Wno-multichar -Wpointer-arith -Wshadow -Wsign-compare -Wundef -Wunused -Wwrite-strings -Wcast-align -Wdeclaration-after-statement -Wempty-body -Wendif-labels -Wfloat-equal -Wignored-qualifiers -Wno-format-nonliteral -Wno-sign-conversion -Wno-system-headers -Wstrict-prototypes -Wtype-limits -Wvla -Wshift-sign-overflow -Wshorten-64-to-32 -Wdouble-promotion -Wenum-conversion -Wunused-const-variable -Wcomma -Wmissing-variable-declarations -Wassign-enum -Wextra-semi-stmt -DHAVE_GETHOSTBYNAME_R_6  -DHAVE_INTTYPES_H -DHAVE_SYS_FILIO_H -DHAVE_SYS_WAIT_H -DHAVE_SYS_IOCTL_H -DHAVE_SYS_PARAM_H -DHAVE_SYS_POLL_H -DHAVE_SYS_RESOURCE_H -DHAVE_SYS_SELECT_H -DHAVE_SYS_SOCKET_H -DHAVE_SYS_SOCKIO_H -DHAVE_SYS_STAT_H -DHAVE_SYS_TIME_H -DHAVE_SYS_TYPES_H -DHAVE_SYS_UN_H -DHAVE_SYS_XATTR_H -DHAVE_ARPA_INET_H -DHAVE_FCNTL_H -DHAVE_IFADDRS_H -DHAVE_LIBGEN_H -DHAVE_LOCALE_H -DHAVE_NET_IF_H -DHAVE_NETDB_H -DHAVE_NETINET_IN_H -DHAVE_NETINET_TCP_H -DHAVE_NETINET_UDP_H -DHAVE_POLL_H -DHAVE_PWD_H -DHAVE_STDATOMIC_H -DHAVE_STDBOOL_H -DHAVE_STDINT_H -DHAVE_STRINGS_H -DHAVE_TERMIOS_H -DHAVE_UNISTD_H -DHAVE_UTIME_H -isysroot /Library/Developer/CommandLineTools/SDKs/MacOSX13.1.sdk -mmacosx-version-min=12.6 -fcolor-diagnostics -MD -MT CMakeFiles/cmTC_249fb.dir/CurlTests.c.o -MF CMakeFiles/cmTC_249fb.dir/CurlTests.c.o.d -o CMakeFiles/cmTC_249fb.dir/CurlTests.c.o -c '/Users/timur/vscode/ОП_2СЕМ/rest/cmake-build-debug/_deps/curl-src/CMake/CurlTests.c'
/Users/timur/vscode/ОП_2СЕМ/rest/cmake-build-debug/_deps/curl-src/CMake/CurlTests.c:75:9: warning: initializing 'char *' with an expression of type 'const char[12]' discards qualifiers [-Wincompatible-pointer-types-discards-qualifiers]
  char *address = "example.com";
        ^         ~~~~~~~~~~~~~
/Users/timur/vscode/ОП_2СЕМ/rest/cmake-build-debug/_deps/curl-src/CMake/CurlTests.c:101:8: error: implicit declaration of function 'gethostbyname_r' is invalid in C99 [-Werror,-Wimplicit-function-declaration]
  rc = gethostbyname_r(address, &h, buffer, 8192, &hp, &h_errnop);
       ^
1 warning and 1 error generated.
ninja: build stopped: subcommand failed.


Performing Curl Test HAVE_GETHOSTBYNAME_R_3_REENTRANT failed with the following output:
Change Dir: '/Users/timur/vscode/ОП_2СЕМ/rest/cmake-build-debug/CMakeFiles/CMakeTmp'

Run Build Command(s): /Users/timur/Applications/CLion.app/Contents/bin/ninja/mac/x64/ninja -v cmTC_a0da6
[1/2] /Library/Developer/CommandLineTools/usr/bin/cc   -Wextra -Wall -pedantic -Wbad-function-cast -Wconversion -Winline -Wmissing-declarations -Wmissing-prototypes -Wnested-externs -Wno-long-long -Wno-multichar -Wpointer-arith -Wshadow -Wsign-compare -Wundef -Wunused -Wwrite-strings -Wcast-align -Wdeclaration-after-statement -Wempty-body -Wendif-labels -Wfloat-equal -Wignored-qualifiers -Wno-format-nonliteral -Wno-sign-conversion -Wno-system-headers -Wstrict-prototypes -Wtype-limits -Wvla -Wshift-sign-overflow -Wshorten-64-to-32 -Wdouble-promotion -Wenum-conversion -Wunused-const-variable -Wcomma -Wmissing-variable-declarations -Wassign-enum -Wextra-semi-stmt -DHAVE_GETHOSTBYNAME_R_3_REENTRANT  -DHAVE_INTTYPES_H -DHAVE_SYS_FILIO_H -DHAVE_SYS_WAIT_H -DHAVE_SYS_IOCTL_H -DHAVE_SYS_PARAM_H -DHAVE_SYS_POLL_H -DHAVE_SYS_RESOURCE_H -DHAVE_SYS_SELECT_H -DHAVE_SYS_SOCKET_H -DHAVE_SYS_SOCKIO_H -DHAVE_SYS_STAT_H -DHAVE_SYS_TIME_H -DHAVE_SYS_TYPES_H -DHAVE_SYS_UN_H -DHAVE_SYS_XATTR_H -DHAVE_ARPA_INET_H -DHAVE_FCNTL_H -DHAVE_IFADDRS_H -DHAVE_LIBGEN_H -DHAVE_LOCALE_H -DHAVE_NET_IF_H -DHAVE_NETDB_H -DHAVE_NETINET_IN_H -DHAVE_NETINET_TCP_H -DHAVE_NETINET_UDP_H -DHAVE_POLL_H -DHAVE_PWD_H -DHAVE_STDATOMIC_H -DHAVE_STDBOOL_H -DHAVE_STDINT_H -DHAVE_STRINGS_H -DHAVE_TERMIOS_H -DHAVE_UNISTD_H -DHAVE_UTIME_H -isysroot /Library/Developer/CommandLineTools/SDKs/MacOSX13.1.sdk -mmacosx-version-min=12.6 -fcolor-diagnostics -MD -MT CMakeFiles/cmTC_a0da6.dir/CurlTests.c.o -MF CMakeFiles/cmTC_a0da6.dir/CurlTests.c.o.d -o CMakeFiles/cmTC_a0da6.dir/CurlTests.c.o -c '/Users/timur/vscode/ОП_2СЕМ/rest/cmake-build-debug/_deps/curl-src/CMake/CurlTests.c'
FAILED: CMakeFiles/cmTC_a0da6.dir/CurlTests.c.o 
/Library/Developer/CommandLineTools/usr/bin/cc   -Wextra -Wall -pedantic -Wbad-function-cast -Wconversion -Winline -Wmissing-declarations -Wmissing-prototypes -Wnested-externs -Wno-long-long -Wno-multichar -Wpointer-arith -Wshadow -Wsign-compare -Wundef -Wunused -Wwrite-strings -Wcast-align -Wdeclaration-after-statement -Wempty-body -Wendif-labels -Wfloat-equal -Wignored-qualifiers -Wno-format-nonliteral -Wno-sign-conversion -Wno-system-headers -Wstrict-prototypes -Wtype-limits -Wvla -Wshift-sign-overflow -Wshorten-64-to-32 -Wdouble-promotion -Wenum-conversion -Wunused-const-variable -Wcomma -Wmissing-variable-declarations -Wassign-enum -Wextra-semi-stmt -DHAVE_GETHOSTBYNAME_R_3_REENTRANT  -DHAVE_INTTYPES_H -DHAVE_SYS_FILIO_H -DHAVE_SYS_WAIT_H -DHAVE_SYS_IOCTL_H -DHAVE_SYS_PARAM_H -DHAVE_SYS_POLL_H -DHAVE_SYS_RESOURCE_H -DHAVE_SYS_SELECT_H -DHAVE_SYS_SOCKET_H -DHAVE_SYS_SOCKIO_H -DHAVE_SYS_STAT_H -DHAVE_SYS_TIME_H -DHAVE_SYS_TYPES_H -DHAVE_SYS_UN_H -DHAVE_SYS_XATTR_H -DHAVE_ARPA_INET_H -DHAVE_FCNTL_H -DHAVE_IFADDRS_H -DHAVE_LIBGEN_H -DHAVE_LOCALE_H -DHAVE_NET_IF_H -DHAVE_NETDB_H -DHAVE_NETINET_IN_H -DHAVE_NETINET_TCP_H -DHAVE_NETINET_UDP_H -DHAVE_POLL_H -DHAVE_PWD_H -DHAVE_STDATOMIC_H -DHAVE_STDBOOL_H -DHAVE_STDINT_H -DHAVE_STRINGS_H -DHAVE_TERMIOS_H -DHAVE_UNISTD_H -DHAVE_UTIME_H -isysroot /Library/Developer/CommandLineTools/SDKs/MacOSX13.1.sdk -mmacosx-version-min=12.6 -fcolor-diagnostics -MD -MT CMakeFiles/cmTC_a0da6.dir/CurlTests.c.o -MF CMakeFiles/cmTC_a0da6.dir/CurlTests.c.o.d -o CMakeFiles/cmTC_a0da6.dir/CurlTests.c.o -c '/Users/timur/vscode/ОП_2СЕМ/rest/cmake-build-debug/_deps/curl-src/CMake/CurlTests.c'
/Users/timur/vscode/ОП_2СЕМ/rest/cmake-build-debug/_deps/curl-src/CMake/CurlTests.c:75:9: warning: initializing 'char *' with an expression of type 'const char[12]' discards qualifiers [-Wincompatible-pointer-types-discards-qualifiers]
  char *address = "example.com";
        ^         ~~~~~~~~~~~~~
/Users/timur/vscode/ОП_2СЕМ/rest/cmake-build-debug/_deps/curl-src/CMake/CurlTests.c:82:23: error: variable has incomplete type 'struct hostent_data'
  struct hostent_data hdata;
                      ^
/Users/timur/vscode/ОП_2СЕМ/rest/cmake-build-debug/_deps/curl-src/CMake/CurlTests.c:82:10: note: forward declaration of 'struct hostent_data'
  struct hostent_data hdata;
         ^
/Users/timur/vscode/ОП_2СЕМ/rest/cmake-build-debug/_deps/curl-src/CMake/CurlTests.c:94:8: error: implicit declaration of function 'gethostbyname_r' is invalid in C99 [-Werror,-Wimplicit-function-declaration]
  rc = gethostbyname_r(address, &h, &hdata);
       ^
1 warning and 2 errors generated.
ninja: build stopped: subcommand failed.


Performing Curl Test HAVE_GETHOSTBYNAME_R_5_REENTRANT failed with the following output:
Change Dir: '/Users/timur/vscode/ОП_2СЕМ/rest/cmake-build-debug/CMakeFiles/CMakeTmp'

Run Build Command(s): /Users/timur/Applications/CLion.app/Contents/bin/ninja/mac/x64/ninja -v cmTC_88b41
[1/2] /Library/Developer/CommandLineTools/usr/bin/cc   -Wextra -Wall -pedantic -Wbad-function-cast -Wconversion -Winline -Wmissing-declarations -Wmissing-prototypes -Wnested-externs -Wno-long-long -Wno-multichar -Wpointer-arith -Wshadow -Wsign-compare -Wundef -Wunused -Wwrite-strings -Wcast-align -Wdeclaration-after-statement -Wempty-body -Wendif-labels -Wfloat-equal -Wignored-qualifiers -Wno-format-nonliteral -Wno-sign-conversion -Wno-system-headers -Wstrict-prototypes -Wtype-limits -Wvla -Wshift-sign-overflow -Wshorten-64-to-32 -Wdouble-promotion -Wenum-conversion -Wunused-const-variable -Wcomma -Wmissing-variable-declarations -Wassign-enum -Wextra-semi-stmt -DHAVE_GETHOSTBYNAME_R_5_REENTRANT  -DHAVE_INTTYPES_H -DHAVE_SYS_FILIO_H -DHAVE_SYS_WAIT_H -DHAVE_SYS_IOCTL_H -DHAVE_SYS_PARAM_H -DHAVE_SYS_POLL_H -DHAVE_SYS_RESOURCE_H -DHAVE_SYS_SELECT_H -DHAVE_SYS_SOCKET_H -DHAVE_SYS_SOCKIO_H -DHAVE_SYS_STAT_H -DHAVE_SYS_TIME_H -DHAVE_SYS_TYPES_H -DHAVE_SYS_UN_H -DHAVE_SYS_XATTR_H -DHAVE_ARPA_INET_H -DHAVE_FCNTL_H -DHAVE_IFADDRS_H -DHAVE_LIBGEN_H -DHAVE_LOCALE_H -DHAVE_NET_IF_H -DHAVE_NETDB_H -DHAVE_NETINET_IN_H -DHAVE_NETINET_TCP_H -DHAVE_NETINET_UDP_H -DHAVE_POLL_H -DHAVE_PWD_H -DHAVE_STDATOMIC_H -DHAVE_STDBOOL_H -DHAVE_STDINT_H -DHAVE_STRINGS_H -DHAVE_TERMIOS_H -DHAVE_UNISTD_H -DHAVE_UTIME_H -isysroot /Library/Developer/CommandLineTools/SDKs/MacOSX13.1.sdk -mmacosx-version-min=12.6 -fcolor-diagnostics -MD -MT CMakeFiles/cmTC_88b41.dir/CurlTests.c.o -MF CMakeFiles/cmTC_88b41.dir/CurlTests.c.o.d -o CMakeFiles/cmTC_88b41.dir/CurlTests.c.o -c '/Users/timur/vscode/ОП_2СЕМ/rest/cmake-build-debug/_deps/curl-src/CMake/CurlTests.c'
FAILED: CMakeFiles/cmTC_88b41.dir/CurlTests.c.o 
/Library/Developer/CommandLineTools/usr/bin/cc   -Wextra -Wall -pedantic -Wbad-function-cast -Wconversion -Winline -Wmissing-declarations -Wmissing-prototypes -Wnested-externs -Wno-long-long -Wno-multichar -Wpointer-arith -Wshadow -Wsign-compare -Wundef -Wunused -Wwrite-strings -Wcast-align -Wdeclaration-after-statement -Wempty-body -Wendif-labels -Wfloat-equal -Wignored-qualifiers -Wno-format-nonliteral -Wno-sign-conversion -Wno-system-headers -Wstrict-prototypes -Wtype-limits -Wvla -Wshift-sign-overflow -Wshorten-64-to-32 -Wdouble-promotion -Wenum-conversion -Wunused-const-variable -Wcomma -Wmissing-variable-declarations -Wassign-enum -Wextra-semi-stmt -DHAVE_GETHOSTBYNAME_R_5_REENTRANT  -DHAVE_INTTYPES_H -DHAVE_SYS_FILIO_H -DHAVE_SYS_WAIT_H -DHAVE_SYS_IOCTL_H -DHAVE_SYS_PARAM_H -DHAVE_SYS_POLL_H -DHAVE_SYS_RESOURCE_H -DHAVE_SYS_SELECT_H -DHAVE_SYS_SOCKET_H -DHAVE_SYS_SOCKIO_H -DHAVE_SYS_STAT_H -DHAVE_SYS_TIME_H -DHAVE_SYS_TYPES_H -DHAVE_SYS_UN_H -DHAVE_SYS_XATTR_H -DHAVE_ARPA_INET_H -DHAVE_FCNTL_H -DHAVE_IFADDRS_H -DHAVE_LIBGEN_H -DHAVE_LOCALE_H -DHAVE_NET_IF_H -DHAVE_NETDB_H -DHAVE_NETINET_IN_H -DHAVE_NETINET_TCP_H -DHAVE_NETINET_UDP_H -DHAVE_POLL_H -DHAVE_PWD_H -DHAVE_STDATOMIC_H -DHAVE_STDBOOL_H -DHAVE_STDINT_H -DHAVE_STRINGS_H -DHAVE_TERMIOS_H -DHAVE_UNISTD_H -DHAVE_UTIME_H -isysroot /Library/Developer/CommandLineTools/SDKs/MacOSX13.1.sdk -mmacosx-version-min=12.6 -fcolor-diagnostics -MD -MT CMakeFiles/cmTC_88b41.dir/CurlTests.c.o -MF CMakeFiles/cmTC_88b41.dir/CurlTests.c.o.d -o CMakeFiles/cmTC_88b41.dir/CurlTests.c.o -c '/Users/timur/vscode/ОП_2СЕМ/rest/cmake-build-debug/_deps/curl-src/CMake/CurlTests.c'
/Users/timur/vscode/ОП_2СЕМ/rest/cmake-build-debug/_deps/curl-src/CMake/CurlTests.c:75:9: warning: initializing 'char *' with an expression of type 'const char[12]' discards qualifiers [-Wincompatible-pointer-types-discards-qualifiers]
  char *address = "example.com";
        ^         ~~~~~~~~~~~~~
/Users/timur/vscode/ОП_2СЕМ/rest/cmake-build-debug/_deps/curl-src/CMake/CurlTests.c:97:8: error: implicit declaration of function 'gethostbyname_r' is invalid in C99 [-Werror,-Wimplicit-function-declaration]
  rc = gethostbyname_r(address, &h, buffer, 8192, &h_errnop);
       ^
1 warning and 1 error generated.
ninja: build stopped: subcommand failed.


Performing Curl Test HAVE_GETHOSTBYNAME_R_6_REENTRANT failed with the following output:
Change Dir: '/Users/timur/vscode/ОП_2СЕМ/rest/cmake-build-debug/CMakeFiles/CMakeTmp'

Run Build Command(s): /Users/timur/Applications/CLion.app/Contents/bin/ninja/mac/x64/ninja -v cmTC_77931
[1/2] /Library/Developer/CommandLineTools/usr/bin/cc   -Wextra -Wall -pedantic -Wbad-function-cast -Wconversion -Winline -Wmissing-declarations -Wmissing-prototypes -Wnested-externs -Wno-long-long -Wno-multichar -Wpointer-arith -Wshadow -Wsign-compare -Wundef -Wunused -Wwrite-strings -Wcast-align -Wdeclaration-after-statement -Wempty-body -Wendif-labels -Wfloat-equal -Wignored-qualifiers -Wno-format-nonliteral -Wno-sign-conversion -Wno-system-headers -Wstrict-prototypes -Wtype-limits -Wvla -Wshift-sign-overflow -Wshorten-64-to-32 -Wdouble-promotion -Wenum-conversion -Wunused-const-variable -Wcomma -Wmissing-variable-declarations -Wassign-enum -Wextra-semi-stmt -DHAVE_GETHOSTBYNAME_R_6_REENTRANT  -DHAVE_INTTYPES_H -DHAVE_SYS_FILIO_H -DHAVE_SYS_WAIT_H -DHAVE_SYS_IOCTL_H -DHAVE_SYS_PARAM_H -DHAVE_SYS_POLL_H -DHAVE_SYS_RESOURCE_H -DHAVE_SYS_SELECT_H -DHAVE_SYS_SOCKET_H -DHAVE_SYS_SOCKIO_H -DHAVE_SYS_STAT_H -DHAVE_SYS_TIME_H -DHAVE_SYS_TYPES_H -DHAVE_SYS_UN_H -DHAVE_SYS_XATTR_H -DHAVE_ARPA_INET_H -DHAVE_FCNTL_H -DHAVE_IFADDRS_H -DHAVE_LIBGEN_H -DHAVE_LOCALE_H -DHAVE_NET_IF_H -DHAVE_NETDB_H -DHAVE_NETINET_IN_H -DHAVE_NETINET_TCP_H -DHAVE_NETINET_UDP_H -DHAVE_POLL_H -DHAVE_PWD_H -DHAVE_STDATOMIC_H -DHAVE_STDBOOL_H -DHAVE_STDINT_H -DHAVE_STRINGS_H -DHAVE_TERMIOS_H -DHAVE_UNISTD_H -DHAVE_UTIME_H -isysroot /Library/Developer/CommandLineTools/SDKs/MacOSX13.1.sdk -mmacosx-version-min=12.6 -fcolor-diagnostics -MD -MT CMakeFiles/cmTC_77931.dir/CurlTests.c.o -MF CMakeFiles/cmTC_77931.dir/CurlTests.c.o.d -o CMakeFiles/cmTC_77931.dir/CurlTests.c.o -c '/Users/timur/vscode/ОП_2СЕМ/rest/cmake-build-debug/_deps/curl-src/CMake/CurlTests.c'
FAILED: CMakeFiles/cmTC_77931.dir/CurlTests.c.o 
/Library/Developer/CommandLineTools/usr/bin/cc   -Wextra -Wall -pedantic -Wbad-function-cast -Wconversion -Winline -Wmissing-declarations -Wmissing-prototypes -Wnested-externs -Wno-long-long -Wno-multichar -Wpointer-arith -Wshadow -Wsign-compare -Wundef -Wunused -Wwrite-strings -Wcast-align -Wdeclaration-after-statement -Wempty-body -Wendif-labels -Wfloat-equal -Wignored-qualifiers -Wno-format-nonliteral -Wno-sign-conversion -Wno-system-headers -Wstrict-prototypes -Wtype-limits -Wvla -Wshift-sign-overflow -Wshorten-64-to-32 -Wdouble-promotion -Wenum-conversion -Wunused-const-variable -Wcomma -Wmissing-variable-declarations -Wassign-enum -Wextra-semi-stmt -DHAVE_GETHOSTBYNAME_R_6_REENTRANT  -DHAVE_INTTYPES_H -DHAVE_SYS_FILIO_H -DHAVE_SYS_WAIT_H -DHAVE_SYS_IOCTL_H -DHAVE_SYS_PARAM_H -DHAVE_SYS_POLL_H -DHAVE_SYS_RESOURCE_H -DHAVE_SYS_SELECT_H -DHAVE_SYS_SOCKET_H -DHAVE_SYS_SOCKIO_H -DHAVE_SYS_STAT_H -DHAVE_SYS_TIME_H -DHAVE_SYS_TYPES_H -DHAVE_SYS_UN_H -DHAVE_SYS_XATTR_H -DHAVE_ARPA_INET_H -DHAVE_FCNTL_H -DHAVE_IFADDRS_H -DHAVE_LIBGEN_H -DHAVE_LOCALE_H -DHAVE_NET_IF_H -DHAVE_NETDB_H -DHAVE_NETINET_IN_H -DHAVE_NETINET_TCP_H -DHAVE_NETINET_UDP_H -DHAVE_POLL_H -DHAVE_PWD_H -DHAVE_STDATOMIC_H -DHAVE_STDBOOL_H -DHAVE_STDINT_H -DHAVE_STRINGS_H -DHAVE_TERMIOS_H -DHAVE_UNISTD_H -DHAVE_UTIME_H -isysroot /Library/Developer/CommandLineTools/SDKs/MacOSX13.1.sdk -mmacosx-version-min=12.6 -fcolor-diagnostics -MD -MT CMakeFiles/cmTC_77931.dir/CurlTests.c.o -MF CMakeFiles/cmTC_77931.dir/CurlTests.c.o.d -o CMakeFiles/cmTC_77931.dir/CurlTests.c.o -c '/Users/timur/vscode/ОП_2СЕМ/rest/cmake-build-debug/_deps/curl-src/CMake/CurlTests.c'
/Users/timur/vscode/ОП_2СЕМ/rest/cmake-build-debug/_deps/curl-src/CMake/CurlTests.c:75:9: warning: initializing 'char *' with an expression of type 'const char[12]' discards qualifiers [-Wincompatible-pointer-types-discards-qualifiers]
  char *address = "example.com";
        ^         ~~~~~~~~~~~~~
/Users/timur/vscode/ОП_2СЕМ/rest/cmake-build-debug/_deps/curl-src/CMake/CurlTests.c:101:8: error: implicit declaration of function 'gethostbyname_r' is invalid in C99 [-Werror,-Wimplicit-function-declaration]
  rc = gethostbyname_r(address, &h, buffer, 8192, &hp, &h_errnop);
       ^
1 warning and 1 error generated.
ninja: build stopped: subcommand failed.


Performing Curl Test HAVE_GLIBC_STRERROR_R failed with the following output:
Change Dir: '/Users/timur/vscode/ОП_2СЕМ/rest/cmake-build-debug/CMakeFiles/CMakeTmp'

Run Build Command(s): /Users/timur/Applications/CLion.app/Contents/bin/ninja/mac/x64/ninja -v cmTC_322d7
[1/2] /Library/Developer/CommandLineTools/usr/bin/cc   -Wextra -Wall -pedantic -Wbad-function-cast -Wconversion -Winline -Wmissing-declarations -Wmissing-prototypes -Wnested-externs -Wno-long-long -Wno-multichar -Wpointer-arith -Wshadow -Wsign-compare -Wundef -Wunused -Wwrite-strings -Wcast-align -Wdeclaration-after-statement -Wempty-body -Wendif-labels -Wfloat-equal -Wignored-qualifiers -Wno-format-nonliteral -Wno-sign-conversion -Wno-system-headers -Wstrict-prototypes -Wtype-limits -Wvla -Wshift-sign-overflow -Wshorten-64-to-32 -Wdouble-promotion -Wenum-conversion -Wunused-const-variable -Wcomma -Wmissing-variable-declarations -Wassign-enum -Wextra-semi-stmt -DHAVE_GLIBC_STRERROR_R  -DHAVE_INTTYPES_H -DHAVE_SYS_FILIO_H -DHAVE_SYS_WAIT_H -DHAVE_SYS_IOCTL_H -DHAVE_SYS_PARAM_H -DHAVE_SYS_POLL_H -DHAVE_SYS_RESOURCE_H -DHAVE_SYS_SELECT_H -DHAVE_SYS_SOCKET_H -DHAVE_SYS_SOCKIO_H -DHAVE_SYS_STAT_H -DHAVE_SYS_TIME_H -DHAVE_SYS_TYPES_H -DHAVE_SYS_UN_H -DHAVE_SYS_XATTR_H -DHAVE_ARPA_INET_H -DHAVE_FCNTL_H -DHAVE_IFADDRS_H -DHAVE_LIBGEN_H -DHAVE_LOCALE_H -DHAVE_NET_IF_H -DHAVE_NETDB_H -DHAVE_NETINET_IN_H -DHAVE_NETINET_TCP_H -DHAVE_NETINET_UDP_H -DHAVE_POLL_H -DHAVE_PWD_H -DHAVE_STDATOMIC_H -DHAVE_STDBOOL_H -DHAVE_STDINT_H -DHAVE_STRINGS_H -DHAVE_TERMIOS_H -DHAVE_UNISTD_H -DHAVE_UTIME_H -isysroot /Library/Developer/CommandLineTools/SDKs/MacOSX13.1.sdk -mmacosx-version-min=12.6 -fcolor-diagnostics -MD -MT CMakeFiles/cmTC_322d7.dir/CurlTests.c.o -MF CMakeFiles/cmTC_322d7.dir/CurlTests.c.o.d -o CMakeFiles/cmTC_322d7.dir/CurlTests.c.o -c '/Users/timur/vscode/ОП_2СЕМ/rest/cmake-build-debug/_deps/curl-src/CMake/CurlTests.c'
FAILED: CMakeFiles/cmTC_322d7.dir/CurlTests.c.o 
/Library/Developer/CommandLineTools/usr/bin/cc   -Wextra -Wall -pedantic -Wbad-function-cast -Wconversion -Winline -Wmissing-declarations -Wmissing-prototypes -Wnested-externs -Wno-long-long -Wno-multichar -Wpointer-arith -Wshadow -Wsign-compare -Wundef -Wunused -Wwrite-strings -Wcast-align -Wdeclaration-after-statement -Wempty-body -Wendif-labels -Wfloat-equal -Wignored-qualifiers -Wno-format-nonliteral -Wno-sign-conversion -Wno-system-headers -Wstrict-prototypes -Wtype-limits -Wvla -Wshift-sign-overflow -Wshorten-64-to-32 -Wdouble-promotion -Wenum-conversion -Wunused-const-variable -Wcomma -Wmissing-variable-declarations -Wassign-enum -Wextra-semi-stmt -DHAVE_GLIBC_STRERROR_R  -DHAVE_INTTYPES_H -DHAVE_SYS_FILIO_H -DHAVE_SYS_WAIT_H -DHAVE_SYS_IOCTL_H -DHAVE_SYS_PARAM_H -DHAVE_SYS_POLL_H -DHAVE_SYS_RESOURCE_H -DHAVE_SYS_SELECT_H -DHAVE_SYS_SOCKET_H -DHAVE_SYS_SOCKIO_H -DHAVE_SYS_STAT_H -DHAVE_SYS_TIME_H -DHAVE_SYS_TYPES_H -DHAVE_SYS_UN_H -DHAVE_SYS_XATTR_H -DHAVE_ARPA_INET_H -DHAVE_FCNTL_H -DHAVE_IFADDRS_H -DHAVE_LIBGEN_H -DHAVE_LOCALE_H -DHAVE_NET_IF_H -DHAVE_NETDB_H -DHAVE_NETINET_IN_H -DHAVE_NETINET_TCP_H -DHAVE_NETINET_UDP_H -DHAVE_POLL_H -DHAVE_PWD_H -DHAVE_STDATOMIC_H -DHAVE_STDBOOL_H -DHAVE_STDINT_H -DHAVE_STRINGS_H -DHAVE_TERMIOS_H -DHAVE_UNISTD_H -DHAVE_UTIME_H -isysroot /Library/Developer/CommandLineTools/SDKs/MacOSX13.1.sdk -mmacosx-version-min=12.6 -fcolor-diagnostics -MD -MT CMakeFiles/cmTC_322d7.dir/CurlTests.c.o -MF CMakeFiles/cmTC_322d7.dir/CurlTests.c.o.d -o CMakeFiles/cmTC_322d7.dir/CurlTests.c.o -c '/Users/timur/vscode/ОП_2СЕМ/rest/cmake-build-debug/_deps/curl-src/CMake/CurlTests.c'
/Users/timur/vscode/ОП_2СЕМ/rest/cmake-build-debug/_deps/curl-src/CMake/CurlTests.c:377:17: warning: unused parameter 'c' [-Wunused-parameter]
void check(char c) {}
                ^
/Users/timur/vscode/ОП_2СЕМ/rest/cmake-build-debug/_deps/curl-src/CMake/CurlTests.c:377:6: warning: no previous prototype for function 'check' [-Wmissing-prototypes]
void check(char c) {}
     ^
/Users/timur/vscode/ОП_2СЕМ/rest/cmake-build-debug/_deps/curl-src/CMake/CurlTests.c:377:1: note: declare 'static' if the function is not intended to be used outside of this translation unit
void check(char c) {}
^
static 
/Users/timur/vscode/ОП_2СЕМ/rest/cmake-build-debug/_deps/curl-src/CMake/CurlTests.c:383:51: error: subscripted value is not an array, pointer, or vector
  check(strerror_r(EACCES, buffer, sizeof(buffer))[0]);
        ~~~~~~~~~~~~~~~~~~~~~~~~~~~~~~~~~~~~~~~~~~^~
2 warnings and 1 error generated.
ninja: build stopped: subcommand failed.


